This file contains any messages produced by compilers while
running configure, to aid debugging if configure makes a mistake.

It was created by configure, which was
generated by GNU Autoconf 2.57.  Invocation command line was

  $ ./configure --prefix=/disk5/opt

## --------- ##
## Platform. ##
## --------- ##

hostname = banga.int.ingv.it
uname -m = i686
uname -r = 2.6.11.7
uname -s = Linux
uname -v = #4 SMP Thu Apr 21 14:04:33 CEST 2005

/usr/bin/uname -p = unknown
/bin/uname -X     = unknown

/bin/arch              = i686
/usr/bin/arch -k       = unknown
/usr/convex/getsysinfo = unknown
hostinfo               = unknown
/bin/machine           = unknown
/usr/bin/oslevel       = unknown
/bin/universe          = unknown

PATH: .
PATH: /bin
PATH: /usr/bin
PATH: /usr/X11R6/bin
PATH: /usr/ucb
PATH: /usr/local/sbin
PATH: /usr/games
PATH: /usr/local/Acrobat5/bin
PATH: /opt/bin
PATH: /usr/sismos/bin
PATH: .
PATH: /usr/local/sac/bin
PATH: /home/sismos/teseo/bin
PATH: /usr/java/j2sdk1.4.2_03/bin
PATH: /usr/local/kde/bin
PATH: /usr/local/Acrobat5/bin
PATH: /opt/jBuilderX/bin
PATH: /opt/net-snmp/bin
PATH: /opt/net-snmp/sbin
PATH: /home/sismos
PATH: myscripts
PATH: /home/sismos/sacmtheo/bin
PATH: /home/sismos/bin
PATH: /opt/bin
PATH: /usr/sismos/bin
PATH: .
PATH: /usr/local/sac/bin
PATH: /home/sismos/teseo/bin
PATH: /usr/java/j2sdk1.4.2_03/bin
PATH: /usr/local/kde/bin
PATH: /usr/local/Acrobat5/bin
PATH: /opt/jBuilderX/bin
PATH: /opt/net-snmp/bin
PATH: /opt/net-snmp/sbin
PATH: /home/sismos
PATH: myscripts
PATH: /home/sismos/sacmtheo/bin
PATH: /disk5/opt/bin
PATH: /disk5/opt/bin


## ----------- ##
## Core tests. ##
## ----------- ##

configure:1486: checking for a BSD-compatible install
configure:1540: result: /usr/bin/install -c
configure:1551: checking whether build environment is sane
configure:1594: result: yes
configure:1609: checking whether make sets $(MAKE)
configure:1629: result: yes
configure:1661: checking for working aclocal-1.4
configure:1668: result: found
configure:1676: checking for working autoconf
configure:1683: result: found
configure:1691: checking for working automake-1.4
configure:1698: result: found
configure:1706: checking for working autoheader
configure:1713: result: found
configure:1721: checking for working makeinfo
configure:1728: result: found
configure:1742: checking whether to enable maintainer-specific portions of Makefiles
configure:1751: result: no
configure:1812: checking for gcc
configure:1828: found /usr/bin/gcc
configure:1838: result: gcc
configure:2082: checking for C compiler version
configure:2085: gcc --version </dev/null >&5
gcc (GCC) 3.3.1 (Mandrake Linux 9.2 3.3.1-2mdk)
Copyright (C) 2003 Free Software Foundation, Inc.
This is free software; see the source for copying conditions.  There is NO
warranty; not even for MERCHANTABILITY or FITNESS FOR A PARTICULAR PURPOSE.

configure:2088: $? = 0
configure:2090: gcc -v </dev/null >&5
Reading specs from /usr/lib/gcc-lib/i586-mandrake-linux-gnu/3.3.1/specs
Configured with: ../configure --prefix=/usr --libdir=/usr/lib --with-slibdir=/lib --mandir=/usr/share/man --infodir=/usr/share/info --enable-shared --enable-threads=posix --disable-checking --enable-long-long --enable-__cxa_atexit --enable-languages=c,c++,ada,f77,objc,java,pascal --host=i586-mandrake-linux-gnu --with-system-zlib
Thread model: posix
gcc version 3.3.1 (Mandrake Linux 9.2 3.3.1-2mdk)
configure:2093: $? = 0
configure:2095: gcc -V </dev/null >&5
gcc: `-V' option must have argument
configure:2098: $? = 1
configure:2122: checking for C compiler default output
configure:2125: gcc    conftest.c  >&5
configure:2128: $? = 0
configure:2174: result: a.out
configure:2179: checking whether the C compiler works
configure:2185: ./a.out
configure:2188: $? = 0
configure:2205: result: yes
configure:2212: checking whether we are cross compiling
configure:2214: result: no
configure:2217: checking for suffix of executables
configure:2219: gcc -o conftest    conftest.c  >&5
configure:2222: $? = 0
configure:2247: result: 
configure:2253: checking for suffix of object files
configure:2275: gcc -c   conftest.c >&5
configure:2278: $? = 0
configure:2300: result: o
configure:2304: checking whether we are using the GNU C compiler
configure:2329: gcc -c   conftest.c >&5
configure:2332: $? = 0
configure:2335: test -s conftest.o
configure:2338: $? = 0
configure:2351: result: yes
configure:2357: checking whether gcc accepts -g
configure:2379: gcc -c -g  conftest.c >&5
configure:2382: $? = 0
configure:2385: test -s conftest.o
configure:2388: $? = 0
configure:2399: result: yes
configure:2416: checking for gcc option to accept ANSI C
configure:2477: gcc  -c -g -O2  conftest.c >&5
configure:2480: $? = 0
configure:2483: test -s conftest.o
configure:2486: $? = 0
configure:2504: result: none needed
configure:2522: gcc -c -g -O2  conftest.c >&5
conftest.c:2: error: syntax error before "me"
configure:2525: $? = 1
configure: failed program was:
| #ifndef __cplusplus
|   choke me
| #endif
configure:2636: checking for strerror in -lcposix
configure:2667: gcc -o conftest -g -O2   conftest.c -lcposix   >&5
/usr/bin/ld: cannot find -lcposix
collect2: ld returned 1 exit status
configure:2670: $? = 1
configure: failed program was:
| #line 2643 "configure"
| /* confdefs.h.  */
| 
| #define PACKAGE_NAME ""
| #define PACKAGE_TARNAME ""
| #define PACKAGE_VERSION ""
| #define PACKAGE_STRING ""
| #define PACKAGE_BUGREPORT ""
| #define PACKAGE "newuoa"
| #define VERSION "0.1"
| /* end confdefs.h.  */
| 
| /* Override any gcc2 internal prototype to avoid an error.  */
| #ifdef __cplusplus
| extern "C"
| #endif
| /* We use char because int might match the return type of a gcc2
|    builtin and then its argument prototype would still apply.  */
| char strerror ();
| int
| main ()
| {
| strerror ();
|   ;
|   return 0;
| }
configure:2688: result: no
configure:2742: checking for gcc
configure:2768: result: gcc
configure:3012: checking for C compiler version
configure:3015: gcc --version </dev/null >&5
gcc (GCC) 3.3.1 (Mandrake Linux 9.2 3.3.1-2mdk)
Copyright (C) 2003 Free Software Foundation, Inc.
This is free software; see the source for copying conditions.  There is NO
warranty; not even for MERCHANTABILITY or FITNESS FOR A PARTICULAR PURPOSE.

configure:3018: $? = 0
configure:3020: gcc -v </dev/null >&5
Reading specs from /usr/lib/gcc-lib/i586-mandrake-linux-gnu/3.3.1/specs
Configured with: ../configure --prefix=/usr --libdir=/usr/lib --with-slibdir=/lib --mandir=/usr/share/man --infodir=/usr/share/info --enable-shared --enable-threads=posix --disable-checking --enable-long-long --enable-__cxa_atexit --enable-languages=c,c++,ada,f77,objc,java,pascal --host=i586-mandrake-linux-gnu --with-system-zlib
Thread model: posix
gcc version 3.3.1 (Mandrake Linux 9.2 3.3.1-2mdk)
configure:3023: $? = 0
configure:3025: gcc -V </dev/null >&5
gcc: `-V' option must have argument
configure:3028: $? = 1
configure:3031: checking whether we are using the GNU C compiler
configure:3078: result: yes
configure:3084: checking whether gcc accepts -g
configure:3126: result: yes
configure:3143: checking for gcc option to accept ANSI C
configure:3231: result: none needed
configure:3249: gcc -c -g -O2  conftest.c >&5
conftest.c:2: error: syntax error before "me"
configure:3252: $? = 1
configure: failed program was:
| #ifndef __cplusplus
|   choke me
| #endif
configure:3364: checking for gcc option to accept ANSI C
configure:3427: gcc  -c -g -O2  conftest.c >&5
configure:3430: $? = 0
configure:3433: test -s conftest.o
configure:3436: $? = 0
configure:3451: result: none needed
configure:3467: checking how to run the C preprocessor
configure:3503: gcc -E  conftest.c
configure:3509: $? = 0
configure:3541: gcc -E  conftest.c
configure:3542:28: ac_nonexistent.h: No such file or directory
configure:3547: $? = 1
configure: failed program was:
| #line 3532 "configure"
| /* confdefs.h.  */
| 
| #define PACKAGE_NAME ""
| #define PACKAGE_TARNAME ""
| #define PACKAGE_VERSION ""
| #define PACKAGE_STRING ""
| #define PACKAGE_BUGREPORT ""
| #define PACKAGE "newuoa"
| #define VERSION "0.1"
| /* end confdefs.h.  */
| #include <ac_nonexistent.h>
configure:3585: result: gcc -E
configure:3610: gcc -E  conftest.c
configure:3616: $? = 0
configure:3648: gcc -E  conftest.c
configure:3649:28: ac_nonexistent.h: No such file or directory
configure:3654: $? = 1
configure: failed program was:
| #line 3639 "configure"
| /* confdefs.h.  */
| 
| #define PACKAGE_NAME ""
| #define PACKAGE_TARNAME ""
| #define PACKAGE_VERSION ""
| #define PACKAGE_STRING ""
| #define PACKAGE_BUGREPORT ""
| #define PACKAGE "newuoa"
| #define VERSION "0.1"
| /* end confdefs.h.  */
| #include <ac_nonexistent.h>
configure:3697: checking for egrep
configure:3707: result: grep -E
configure:3712: checking for ANSI C header files
configure:3738: gcc -c -g -O2  conftest.c >&5
configure:3741: $? = 0
configure:3744: test -s conftest.o
configure:3747: $? = 0
configure:3836: gcc -o conftest -g -O2   conftest.c  >&5
configure:3839: $? = 0
configure:3841: ./conftest
configure:3844: $? = 0
configure:3859: result: yes
configure:3942: checking build system type
configure:3960: result: i686-pc-linux-gnu
configure:3968: checking host system type
configure:3982: result: i686-pc-linux-gnu
configure:4012: checking for ld used by GCC
configure:4075: result: /usr/bin/ld
configure:4084: checking if the linker (/usr/bin/ld) is GNU ld
GNU ld version 2.14.90.0.5 20030722
configure:4096: result: yes
configure:4101: checking for /usr/bin/ld option to reload object files
configure:4108: result: -r
configure:4113: checking for BSD-compatible nm
configure:4149: result: /usr/bin/nm -B
configure:4152: checking for a sed that does not truncate output
configure:4234: result: /bin/sed
configure:4237: checking whether ln -s works
configure:4241: result: yes
configure:4248: checking how to recognise dependent libraries
configure:4429: result: pass_all
configure:4441: checking command to parse /usr/bin/nm -B output
configure:4525: gcc -c -g -O2  conftest.c >&5
configure:4528: $? = 0
configure:4532: /usr/bin/nm -B conftest.o \| sed -n -e 's/^.*[ 	]\([ABCDGISTW][ABCDGISTW]*\)[ 	][ 	]*\(\)\([_A-Za-z][_A-Za-z0-9]*\)$/\1 \2\3 \3/p' \> conftest.nm
configure:4535: $? = 0
configure:4587: gcc -o conftest -g -O2   conftest.c conftstm.o >&5
configure:4590: $? = 0
configure:4634: result: ok
configure:4652: checking for sys/types.h
configure:4669: gcc -c -g -O2  conftest.c >&5
configure:4672: $? = 0
configure:4675: test -s conftest.o
configure:4678: $? = 0
configure:4689: result: yes
configure:4652: checking for sys/stat.h
configure:4669: gcc -c -g -O2  conftest.c >&5
configure:4672: $? = 0
configure:4675: test -s conftest.o
configure:4678: $? = 0
configure:4689: result: yes
configure:4652: checking for stdlib.h
configure:4669: gcc -c -g -O2  conftest.c >&5
configure:4672: $? = 0
configure:4675: test -s conftest.o
configure:4678: $? = 0
configure:4689: result: yes
configure:4652: checking for string.h
configure:4669: gcc -c -g -O2  conftest.c >&5
configure:4672: $? = 0
configure:4675: test -s conftest.o
configure:4678: $? = 0
configure:4689: result: yes
configure:4652: checking for memory.h
configure:4669: gcc -c -g -O2  conftest.c >&5
configure:4672: $? = 0
configure:4675: test -s conftest.o
configure:4678: $? = 0
configure:4689: result: yes
configure:4652: checking for strings.h
configure:4669: gcc -c -g -O2  conftest.c >&5
configure:4672: $? = 0
configure:4675: test -s conftest.o
configure:4678: $? = 0
configure:4689: result: yes
configure:4652: checking for inttypes.h
configure:4669: gcc -c -g -O2  conftest.c >&5
configure:4672: $? = 0
configure:4675: test -s conftest.o
configure:4678: $? = 0
configure:4689: result: yes
configure:4652: checking for stdint.h
configure:4669: gcc -c -g -O2  conftest.c >&5
configure:4672: $? = 0
configure:4675: test -s conftest.o
configure:4678: $? = 0
configure:4689: result: yes
configure:4652: checking for unistd.h
configure:4669: gcc -c -g -O2  conftest.c >&5
configure:4672: $? = 0
configure:4675: test -s conftest.o
configure:4678: $? = 0
configure:4689: result: yes
configure:4715: checking dlfcn.h usability
configure:4728: gcc -c -g -O2  conftest.c >&5
configure:4731: $? = 0
configure:4734: test -s conftest.o
configure:4737: $? = 0
configure:4747: result: yes
configure:4751: checking dlfcn.h presence
configure:4762: gcc -E  conftest.c
configure:4768: $? = 0
configure:4787: result: yes
configure:4823: checking for dlfcn.h
configure:4830: result: yes
configure:5028: checking for ranlib
configure:5044: found /usr/bin/ranlib
configure:5055: result: ranlib
configure:5108: checking for strip
configure:5124: found /usr/bin/strip
configure:5135: result: strip
configure:5188: gcc -c -g -O2  conftest.c >&5
configure:5191: $? = 0
configure:5363: checking for objdir
configure:5374: result: .libs
configure:5391: checking for gcc option to produce PIC
configure:5537: result: -fPIC
configure:5541: checking if gcc PIC flag -fPIC works
configure:5565: gcc -c -g -O2 -fPIC -DPIC  conftest.c >&5
configure:5568: $? = 0
configure:5571: test -s conftest.o
configure:5574: $? = 0
configure:5612: result: yes
configure:5628: checking if gcc static flag -static works
configure:5653: gcc -o conftest -g -O2   -static conftest.c  >&5
/usr/bin/ld: cannot find -lc
collect2: ld returned 1 exit status
configure:5656: $? = 1
configure: failed program was:
| #line 5636 "configure"
| /* confdefs.h.  */
| 
| #define PACKAGE_NAME ""
| #define PACKAGE_TARNAME ""
| #define PACKAGE_VERSION ""
| #define PACKAGE_STRING ""
| #define PACKAGE_BUGREPORT ""
| #define PACKAGE "newuoa"
| #define VERSION "0.1"
| #define STDC_HEADERS 1
| #define HAVE_SYS_TYPES_H 1
| #define HAVE_SYS_STAT_H 1
| #define HAVE_STDLIB_H 1
| #define HAVE_STRING_H 1
| #define HAVE_MEMORY_H 1
| #define HAVE_STRINGS_H 1
| #define HAVE_INTTYPES_H 1
| #define HAVE_STDINT_H 1
| #define HAVE_UNISTD_H 1
| #define HAVE_DLFCN_H 1
| /* end confdefs.h.  */
| 
| int
| main ()
| {
| 
|   ;
|   return 0;
| }
configure:5678: result: no
configure:5690: checking if gcc supports -c -o file.o
configure:5713: gcc -c -g -O2 -o out/conftest2.o  conftest.c >&5
configure:5734: result: yes
configure:5739: checking if gcc supports -c -o file.lo
configure:5767: gcc -c -g -O2 -c -o conftest.lo  conftest.c >&5
configure:5770: $? = 0
configure:5773: test -s conftest.lo
configure:5776: $? = 0
configure:5798: result: yes
configure:5829: checking if gcc supports -fno-rtti -fno-exceptions
configure:5852: gcc -c -g -O2 -fno-rtti -fno-exceptions -c conftest.c  conftest.c >&5
cc1: warning: "-fno-rtti" is valid for C++ but not for C/ObjC
cc1: warning: "-fno-rtti" is valid for C++ but not for C/ObjC
configure:5855: $? = 0
configure:5858: test -s conftest.o
configure:5861: $? = 0
configure:5878: result: yes
configure:5889: checking whether the linker (/usr/bin/ld) supports shared libraries
configure:6584: result: yes
configure:6589: checking how to hardcode library paths into programs
configure:6613: result: immediate
configure:6618: checking whether stripping libraries is possible
configure:6623: result: yes
configure:6634: checking dynamic linker characteristics
configure:7048: result: GNU/Linux ld.so
configure:7053: checking if libtool supports shared libraries
configure:7055: result: yes
configure:7058: checking whether to build shared libraries
configure:7079: result: yes
configure:7082: checking whether to build static libraries
configure:7086: result: yes
configure:7760: checking whether -lc should be explicitly linked in
configure:7768: gcc -c -g -O2  conftest.c >&5
configure:7771: $? = 0
configure:7785: gcc -shared conftest.o  -v -Wl,-soname -Wl,conftest -o conftest 2\>\&1 \| grep  -lc  \>/dev/null 2\>\&1
configure:7788: $? = 0
configure:7801: result: no
configure:8427: checking for g77
configure:8443: found /usr/bin/g77
configure:8453: result: g77
configure:8471: checking for Fortran 77 compiler version
configure:8471: g77 --version </dev/null >&5
GNU Fortran (GCC) 3.3.1 (Mandrake Linux 9.2 3.3.1-2mdk)
Copyright (C) 2002 Free Software Foundation, Inc.

GNU Fortran comes with NO WARRANTY, to the extent permitted by law.
You may redistribute copies of GNU Fortran
under the terms of the GNU General Public License.
For more information about these matters, see the file named COPYING
or type the command `info -f g77 Copying'.
configure:8474: $? = 0
configure:8476: g77 -v </dev/null >&5
Reading specs from /usr/lib/gcc-lib/i586-mandrake-linux-gnu/3.3.1/specs
Configured with: ../configure --prefix=/usr --libdir=/usr/lib --with-slibdir=/lib --mandir=/usr/share/man --infodir=/usr/share/info --enable-shared --enable-threads=posix --disable-checking --enable-long-long --enable-__cxa_atexit --enable-languages=c,c++,ada,f77,objc,java,pascal --host=i586-mandrake-linux-gnu --with-system-zlib
Thread model: posix
gcc version 3.3.1 (Mandrake Linux 9.2 3.3.1-2mdk)
configure:8479: $? = 0
configure:8481: g77 -V </dev/null >&5
g77: `-V' option must have argument
configure:8484: $? = 1
configure:8491: checking whether we are using the GNU Fortran 77 compiler
configure:8505: g77 -c  conftest.F >&5
configure:8508: $? = 0
configure:8511: test -s conftest.o
configure:8514: $? = 0
configure:8527: result: yes
configure:8534: checking whether g77 accepts -g
configure:8546: g77 -c -g conftest.f >&5
configure:8549: $? = 0
configure:8552: test -s conftest.o
configure:8555: $? = 0
configure:8567: result: yes
configure:8752: creating ./config.status

## ---------------------- ##
## Running config.status. ##
## ---------------------- ##

This file was extended by config.status, which was
generated by GNU Autoconf 2.57.  Invocation command line was

  CONFIG_FILES    = 
  CONFIG_HEADERS  = 
  CONFIG_LINKS    = 
  CONFIG_COMMANDS = 
  $ ./config.status 

on banga.int.ingv.it

config.status:669: creating Makefile
config.status:669: creating src/Makefile
config.status:669: creating newuoa.pc
config.status:669: creating newuoa-uninstalled.pc
config.status:773: creating config.h
config.status:992: executing default-1 commands

## ---------------- ##
## Cache variables. ##
## ---------------- ##

ac_cv_build=i686-pc-linux-gnu
ac_cv_build_alias=i686-pc-linux-gnu
ac_cv_c_compiler_gnu=yes
ac_cv_env_CC_set=
ac_cv_env_CC_value=
ac_cv_env_CFLAGS_set=
ac_cv_env_CFLAGS_value=
ac_cv_env_CPPFLAGS_set=
ac_cv_env_CPPFLAGS_value=
ac_cv_env_CPP_set=
ac_cv_env_CPP_value=
ac_cv_env_F77_set=
ac_cv_env_F77_value=
ac_cv_env_FFLAGS_set=
ac_cv_env_FFLAGS_value=
ac_cv_env_LDFLAGS_set=
ac_cv_env_LDFLAGS_value=
ac_cv_env_build_alias_set=
ac_cv_env_build_alias_value=
ac_cv_env_host_alias_set=
ac_cv_env_host_alias_value=
ac_cv_env_target_alias_set=
ac_cv_env_target_alias_value=
ac_cv_exeext=
ac_cv_f77_compiler_gnu=yes
ac_cv_header_dlfcn_h=yes
ac_cv_header_inttypes_h=yes
ac_cv_header_memory_h=yes
ac_cv_header_stdc=yes
ac_cv_header_stdint_h=yes
ac_cv_header_stdlib_h=yes
ac_cv_header_string_h=yes
ac_cv_header_strings_h=yes
ac_cv_header_sys_stat_h=yes
ac_cv_header_sys_types_h=yes
ac_cv_header_unistd_h=yes
ac_cv_host=i686-pc-linux-gnu
ac_cv_host_alias=i686-pc-linux-gnu
ac_cv_lib_cposix_strerror=no
ac_cv_objext=o
ac_cv_path_install='/usr/bin/install -c'
ac_cv_prog_CPP='gcc -E'
ac_cv_prog_ac_ct_CC=gcc
ac_cv_prog_ac_ct_F77=g77
ac_cv_prog_ac_ct_RANLIB=ranlib
ac_cv_prog_ac_ct_STRIP=strip
ac_cv_prog_cc_g=yes
ac_cv_prog_cc_stdc=
ac_cv_prog_egrep='grep -E'
ac_cv_prog_f77_g=yes
ac_cv_prog_make_make_set=yes
am_cv_prog_cc_stdc=
lt_cv_archive_cmds_need_lc=no
lt_cv_cc_64bit_output=no
lt_cv_compiler_c_o=yes
lt_cv_compiler_o_lo=yes
lt_cv_deplibs_check_method=pass_all
lt_cv_file_magic_cmd='$MAGIC_CMD'
lt_cv_file_magic_test_file='/lib/libc.so.6 /lib/libc-2.3.2.so'
lt_cv_global_symbol_to_c_name_address='sed -n -e '\''s/^: \([^ ]*\) $/  {\"\1\", (lt_ptr) 0},/p'\'' -e '\''s/^[BCDEGRST] \([^ ]*\) \([^ ]*\)$/  {"\2", (lt_ptr) \&\2},/p'\'''
lt_cv_global_symbol_to_cdecl='sed -n -e '\''s/^. .* \(.*\)$/extern char \1;/p'\'''
lt_cv_ld_reload_flag=-r
lt_cv_path_LD=/usr/bin/ld
lt_cv_path_NM='/usr/bin/nm -B'
lt_cv_path_SED=/bin/sed
lt_cv_prog_cc_can_build_shared=yes
lt_cv_prog_cc_no_builtin=
lt_cv_prog_cc_pic=' -fPIC'
lt_cv_prog_cc_pic_works=yes
lt_cv_prog_cc_shlib=
lt_cv_prog_cc_static=
lt_cv_prog_cc_static_works=no
lt_cv_prog_cc_wl=-Wl,
lt_cv_prog_gnu_ld=yes
lt_cv_sys_global_symbol_pipe='sed -n -e '\''s/^.*[ 	]\([ABCDGISTW][ABCDGISTW]*\)[ 	][ 	]*\(\)\([_A-Za-z][_A-Za-z0-9]*\)$/\1 \2\3 \3/p'\'''

## ----------------- ##
## Output variables. ##
## ----------------- ##

ACLOCAL='aclocal-1.4'
AUTOCONF='autoconf'
AUTOHEADER='autoheader'
AUTOMAKE='automake-1.4'
CC='gcc'
CFLAGS='-g -O2'
CPP='gcc -E'
CPPFLAGS=''
DEFS='-DHAVE_CONFIG_H'
ECHO='echo'
ECHO_C=''
ECHO_N='-n'
ECHO_T=''
EGREP='grep -E'
EXEEXT=''
F77='g77'
FFLAGS='-g -O2'
INSTALL_DATA='${INSTALL} -m 644'
INSTALL_PROGRAM='${INSTALL}'
INSTALL_SCRIPT='${INSTALL}'
LDFLAGS=''
LIBOBJS=''
LIBS=''
LIBTOOL='$(SHELL) $(top_builddir)/libtool'
LN_S='ln -s'
LTLIBOBJS=''
MAINT='#'
MAINTAINER_MODE_FALSE=''
MAINTAINER_MODE_TRUE='#'
MAKEINFO='makeinfo'
NO_PREFIX_PACKAGE_DATA_DIR='share'
NO_PREFIX_PACKAGE_DOC_DIR='doc/newuoa'
NO_PREFIX_PACKAGE_HELP_DIR='share/help'
NO_PREFIX_PACKAGE_MENU_DIR='share'
NO_PREFIX_PACKAGE_PIXMAPS_DIR='share/pixmaps'
OBJEXT='o'
PACKAGE='newuoa'
PACKAGE_BUGREPORT=''
PACKAGE_DATA_DIR='/disk5/opt/share'
PACKAGE_DOC_DIR='/disk5/opt/doc/newuoa'
PACKAGE_HELP_DIR='/disk5/opt/share/help'
PACKAGE_MENU_DIR='/disk5/opt/share'
PACKAGE_NAME=''
PACKAGE_PIXMAPS_DIR='/disk5/opt/share/pixmaps'
PACKAGE_STRING=''
PACKAGE_TARNAME=''
PACKAGE_VERSION=''
PATH_SEPARATOR=':'
RANLIB='ranlib'
SET_MAKE=''
SHELL='/bin/sh'
STRIP='strip'
VERSION='0.1'
ac_ct_CC='gcc'
ac_ct_F77='g77'
ac_ct_RANLIB='ranlib'
ac_ct_STRIP='strip'
bindir='${exec_prefix}/bin'
build='i686-pc-linux-gnu'
build_alias=''
build_cpu='i686'
build_os='linux-gnu'
build_vendor='pc'
datadir='${prefix}/share'
exec_prefix='${prefix}'
host='i686-pc-linux-gnu'
host_alias=''
host_cpu='i686'
host_os='linux-gnu'
host_vendor='pc'
includedir='${prefix}/include'
infodir='${prefix}/info'
libdir='${exec_prefix}/lib'
libexecdir='${exec_prefix}/libexec'
localstatedir='${prefix}/var'
mandir='${prefix}/man'
oldincludedir='/usr/include'
prefix='/disk5/opt'
program_transform_name='s,x,x,'
sbindir='${exec_prefix}/sbin'
sharedstatedir='${prefix}/com'
sysconfdir='${prefix}/etc'
target_alias=''

## ----------- ##
## confdefs.h. ##
## ----------- ##

#define HAVE_DLFCN_H 1
#define HAVE_INTTYPES_H 1
#define HAVE_MEMORY_H 1
#define HAVE_STDINT_H 1
#define HAVE_STDLIB_H 1
#define HAVE_STRINGS_H 1
#define HAVE_STRING_H 1
#define HAVE_SYS_STAT_H 1
#define HAVE_SYS_TYPES_H 1
#define HAVE_UNISTD_H 1
#define PACKAGE "newuoa"
#define PACKAGE_BUGREPORT ""
#define PACKAGE_DATA_DIR "/disk5/opt/share"
#define PACKAGE_DOC_DIR "/disk5/opt/doc/newuoa"
#define PACKAGE_HELP_DIR "/disk5/opt/share/help"
#define PACKAGE_MENU_DIR "/disk5/opt/share"
#define PACKAGE_NAME ""
#define PACKAGE_PIXMAPS_DIR "/disk5/opt/share/pixmaps"
#define PACKAGE_SOURCE_DIR "/home/sismos/CVSWORK/teseo/teseo2/teseo-dist/newuoa"
#define PACKAGE_STRING ""
#define PACKAGE_TARNAME ""
#define PACKAGE_VERSION ""
#define STDC_HEADERS 1
#define VERSION "0.1"

configure: exit 0
